<?xml version="1.0" encoding="UTF-8"?>
<testsuite xmlns:xsi="http://www.w3.org/2001/XMLSchema-instance" xsi:noNamespaceSchemaLocation="https://maven.apache.org/surefire/maven-surefire-plugin/xsd/surefire-test-report-3.0.xsd" version="3.0" name="com.equipo.validador.AppManualTest" time="0.099" tests="4" errors="0" skipped="0" failures="0">
  <properties>
[...]
</properties>
  <testcase name="testMostrarInformacionCamionNoLanzaExcepcion" classname="com.equipo.validador.AppManualTest" time="0.058">
    <system-err><![CDATA[jun. 18, 2025 5:10:33 P. M. com.equipo.validador.App mostrarInformacionCamion
INFO: InformaciÃ³n del camiÃ³n
jun. 18, 2025 5:10:33 P. M. com.equipo.validador.App mostrarInformacionCamion
INFO:   Nombre: CamiÃ³n 2
jun. 18, 2025 5:10:33 P. M. com.equipo.validador.App mostrarInformacionCamion
INFO:   UbicaciÃ³n: Lat=-36,809805, Lon=-71,875676
jun. 18, 2025 5:10:33 P. M. com.equipo.validador.App mostrarInformacionCamion
WARNING: CamiÃ³n con ID 'noexiste' no encontrado
]]></system-err>
  </testcase>
  <testcase name="testObtenerCamionNuloOVacio" classname="com.equipo.validador.AppManualTest" time="0.002">
    <system-err><![CDATA[jun. 18, 2025 5:10:33 P. M. com.equipo.validador.App obtenerCamion
WARNING: ID de camiÃ³n no puede ser nulo o vacÃ­o
jun. 18, 2025 5:10:33 P. M. com.equipo.validador.App obtenerCamion
WARNING: ID de camiÃ³n no puede ser nulo o vacÃ­o
]]></system-err>
  </testcase>
  <testcase name="testObtenerCamionExistente" classname="com.equipo.validador.AppManualTest" time="0.0"/>
  <testcase name="testObtenerCamionInexistente" classname="com.equipo.validador.AppManualTest" time="0.001"/>
</testsuite>